<?xml version="1.0" encoding="UTF-8"?>
<!-- Generated by org.testng.reporters.JUnitReportReporter -->
<testsuite hostname="LTIN538497" failures="0" tests="1" name="testCases.TC003_VideoConsultancy" time="8.023" errors="0" timestamp="2025-07-12T13:04:19 IST" skipped="0">
  <testcase classname="testCases.TC003_VideoConsultancy" name="getTopCities" time="8.023"/>
</testsuite> <!-- testCases.TC003_VideoConsultancy -->
