<?xml version="1.0" encoding="UTF-8"?>
<!-- Generated by org.testng.reporters.JUnitReportReporter -->
<testsuite hostname="LTIN538497" failures="0" tests="2" name="testCases.TC005_SearchHealthArticles" time="23.749" errors="0" timestamp="2025-07-13T18:40:37 IST" skipped="0">
  <testcase classname="testCases.TC005_SearchHealthArticles" name="healthArticlesSearch" time="11.755"/>
  <testcase classname="testCases.TC005_SearchHealthArticles" name="healthArticlesSearch" time="11.994"/>
</testsuite> <!-- testCases.TC005_SearchHealthArticles -->
