<?xml version="1.0" encoding="UTF-8"?>
<!-- Generated by org.testng.reporters.JUnitReportReporter -->
<testsuite hostname="LTIN538497" failures="0" tests="2" name="testCases.TC003_VideoConsultancy" time="11.990" errors="0" timestamp="2025-07-13T18:40:37 IST" skipped="0">
  <testcase classname="testCases.TC003_VideoConsultancy" name="getTopCities" time="5.964"/>
  <testcase classname="testCases.TC003_VideoConsultancy" name="getTopCities" time="6.026"/>
</testsuite> <!-- testCases.TC003_VideoConsultancy -->
