<?xml version="1.0" encoding="UTF-8"?>
<!-- Generated by org.testng.reporters.JUnitReportReporter -->
<testsuite hostname="LTIN538497" failures="0" tests="2" name="testCases.TC001_HospitalsAvailabilityTest" time="37.471" errors="0" timestamp="2025-07-12T22:20:03 IST" skipped="0">
  <testcase classname="testCases.TC001_HospitalsAvailabilityTest" name="hospitalsSearch" time="14.417"/>
  <testcase classname="testCases.TC001_HospitalsAvailabilityTest" name="hospitalsSearch" time="23.054"/>
</testsuite> <!-- testCases.TC001_HospitalsAvailabilityTest -->
