<?xml version="1.0" encoding="UTF-8"?>
<!-- Generated by org.testng.reporters.JUnitReportReporter -->
<testsuite hostname="LTIN453391" failures="0" tests="2" name="testCases.TC002_NearbyDoctors" time="57.045" errors="0" timestamp="2025-07-13T11:27:10 IST" skipped="0">
  <testcase classname="testCases.TC002_NearbyDoctors" name="findDoctorsTest" time="28.367"/>
  <testcase classname="testCases.TC002_NearbyDoctors" name="findDoctorsTest" time="28.678"/>
</testsuite> <!-- testCases.TC002_NearbyDoctors -->
