<?xml version="1.0" encoding="UTF-8"?>
<!-- Generated by org.testng.reporters.JUnitReportReporter -->
<testsuite hostname="LTIN550594" failures="0" tests="1" name="testCases.TC003_NearbyDoctors" time="26.614" errors="0" timestamp="2025-07-11T17:51:31 IST" skipped="0">
  <testcase classname="testCases.TC003_NearbyDoctors" name="findDoctorsTest" time="26.614"/>
</testsuite> <!-- testCases.TC003_NearbyDoctors -->
