<?xml version="1.0" encoding="UTF-8"?>
<!-- Generated by org.testng.reporters.JUnitReportReporter -->
<testsuite hostname="LTIN538497" failures="0" tests="2" name="testCases.TC002_NearbyDoctors" time="89.272" errors="0" timestamp="2025-07-12T22:20:03 IST" skipped="0">
  <testcase classname="testCases.TC002_NearbyDoctors" name="findDoctorsTest" time="54.661"/>
  <testcase classname="testCases.TC002_NearbyDoctors" name="findDoctorsTest" time="34.611"/>
</testsuite> <!-- testCases.TC002_NearbyDoctors -->
