<?xml version="1.0" encoding="UTF-8"?>
<!-- Generated by org.testng.reporters.JUnitReportReporter -->
<testsuite hostname="LTIN453391" failures="0" tests="2" name="testCases.TC001_HospitalsAvailabilityTest" time="32.598" errors="0" timestamp="2025-07-12T23:08:07 IST" skipped="0">
  <testcase classname="testCases.TC001_HospitalsAvailabilityTest" name="hospitalsSearch" time="13.848"/>
  <testcase classname="testCases.TC001_HospitalsAvailabilityTest" name="hospitalsSearch" time="18.750"/>
</testsuite> <!-- testCases.TC001_HospitalsAvailabilityTest -->
