<?xml version="1.0" encoding="UTF-8"?>
<!-- Generated by org.testng.reporters.JUnitReportReporter -->
<testsuite hostname="LTIN538497" failures="0" tests="1" name="testCases.TC008_TopCity_TestPageTest" time="25.761" errors="0" timestamp="2025-07-13T11:39:18 IST" skipped="0">
  <testcase classname="testCases.TC008_TopCity_TestPageTest" name="getTopCities" time="25.761"/>
</testsuite> <!-- testCases.TC008_TopCity_TestPageTest -->
