<?xml version="1.0" encoding="UTF-8"?>
<!-- Generated by org.testng.reporters.JUnitReportReporter -->
<testsuite hostname="LTIN538497" failures="0" tests="1" name="testCases.TC003_VideoConsultancy" time="11.020" errors="0" timestamp="2025-07-13T11:42:05 IST" skipped="0">
  <testcase classname="testCases.TC003_VideoConsultancy" name="getTopCities" time="11.020"/>
</testsuite> <!-- testCases.TC003_VideoConsultancy -->
