<?xml version="1.0" encoding="UTF-8"?>
<!-- Generated by org.testng.reporters.JUnitReportReporter -->
<testsuite hostname="LTIN550594" failures="0" tests="2" name="testCases.TC001_HospitalsAvailabilityTest" time="29.058" errors="0" timestamp="2025-07-11T15:32:03 IST" skipped="0">
  <testcase classname="testCases.TC001_HospitalsAvailabilityTest" name="hospitalsSearch" time="14.415"/>
  <testcase classname="testCases.TC001_HospitalsAvailabilityTest" name="hospitalsSearch" time="14.643"/>
</testsuite> <!-- testCases.TC001_HospitalsAvailabilityTest -->
