<?xml version="1.0" encoding="UTF-8"?>
<!-- Generated by org.testng.reporters.JUnitReportReporter -->
<testsuite hostname="LTIN538497" failures="0" tests="1" name="testCases.TC008_TopCity_TestPageTest" time="13.429" errors="0" timestamp="2025-07-12T13:04:19 IST" skipped="0">
  <testcase classname="testCases.TC008_TopCity_TestPageTest" name="getTopCities" time="13.429"/>
</testsuite> <!-- testCases.TC008_TopCity_TestPageTest -->
