<?xml version="1.0" encoding="UTF-8"?>
<!-- Generated by org.testng.reporters.JUnitReportReporter -->
<testsuite hostname="LTIN538497" failures="0" tests="2" name="testCases.TC008_TopCity_TestPageTest" time="29.270" errors="0" timestamp="2025-07-13T18:40:37 IST" skipped="0">
  <testcase classname="testCases.TC008_TopCity_TestPageTest" name="getTopCities" time="14.496"/>
  <testcase classname="testCases.TC008_TopCity_TestPageTest" name="getTopCities" time="14.774"/>
</testsuite> <!-- testCases.TC008_TopCity_TestPageTest -->
