<?xml version="1.0" encoding="UTF-8"?>
<!-- Generated by org.testng.reporters.JUnitReportReporter -->
<testsuite hostname="LTIN538497" failures="0" tests="3" name="testCases.TC002_LoginAuthentication" time="6.966" errors="0" timestamp="2025-07-12T13:04:19 IST" skipped="0">
  <testcase classname="testCases.TC002_LoginAuthentication" name="loginTest" time="1.191"/>
  <testcase classname="testCases.TC002_LoginAuthentication" name="loginTest" time="2.524"/>
  <testcase classname="testCases.TC002_LoginAuthentication" name="loginTest" time="3.251"/>
</testsuite> <!-- testCases.TC002_LoginAuthentication -->
