<?xml version="1.0" encoding="UTF-8"?>
<!-- Generated by org.testng.reporters.JUnitReportReporter -->
<testsuite hostname="LTIN550594" failures="0" tests="6" name="testCases.TC002_LoginAuthentication" time="17.558" errors="0" timestamp="2025-07-11T15:32:03 IST" skipped="0">
  <testcase classname="testCases.TC002_LoginAuthentication" name="loginTest" time="3.805"/>
  <testcase classname="testCases.TC002_LoginAuthentication" name="loginTest" time="1.819"/>
  <testcase classname="testCases.TC002_LoginAuthentication" name="loginTest" time="2.733"/>
  <testcase classname="testCases.TC002_LoginAuthentication" name="loginTest" time="2.673"/>
  <testcase classname="testCases.TC002_LoginAuthentication" name="loginTest" time="3.852"/>
  <testcase classname="testCases.TC002_LoginAuthentication" name="loginTest" time="2.676"/>
</testsuite> <!-- testCases.TC002_LoginAuthentication -->
