<?xml version="1.0" encoding="UTF-8"?>
<!-- Generated by org.testng.reporters.JUnitReportReporter -->
<testsuite hostname="LTIN453391" failures="0" tests="2" name="testCases.TC001_HospitalsAvailabilityTest" time="29.529" errors="0" timestamp="2025-07-13T11:27:10 IST" skipped="0">
  <testcase classname="testCases.TC001_HospitalsAvailabilityTest" name="hospitalsSearch" time="15.981"/>
  <testcase classname="testCases.TC001_HospitalsAvailabilityTest" name="hospitalsSearch" time="13.548"/>
</testsuite> <!-- testCases.TC001_HospitalsAvailabilityTest -->
