<?xml version="1.0" encoding="UTF-8"?>
<!-- Generated by org.testng.reporters.JUnitReportReporter -->
<testsuite hostname="LTIN453391" failures="0" tests="2" name="testCases.TC005_SearchHealthArticles" time="22.693" errors="0" timestamp="2025-07-13T11:27:10 IST" skipped="0">
  <testcase classname="testCases.TC005_SearchHealthArticles" name="healthArticlesSearch" time="11.300"/>
  <testcase classname="testCases.TC005_SearchHealthArticles" name="healthArticlesSearch" time="11.393"/>
</testsuite> <!-- testCases.TC005_SearchHealthArticles -->
