<?xml version="1.0" encoding="UTF-8"?>
<!-- Generated by org.testng.reporters.JUnitReportReporter -->
<testsuite hostname="LTIN538497" failures="0" tests="6" name="testCases.TC004_LoginAuthentication" time="16.486" errors="0" timestamp="2025-07-12T22:20:03 IST" skipped="0">
  <testcase classname="testCases.TC004_LoginAuthentication" name="loginTest" time="3.499"/>
  <testcase classname="testCases.TC004_LoginAuthentication" name="loginTest" time="2.545"/>
  <testcase classname="testCases.TC004_LoginAuthentication" name="loginTest" time="1.575"/>
  <testcase classname="testCases.TC004_LoginAuthentication" name="loginTest" time="1.581"/>
  <testcase classname="testCases.TC004_LoginAuthentication" name="loginTest" time="4.135"/>
  <testcase classname="testCases.TC004_LoginAuthentication" name="loginTest" time="3.151"/>
</testsuite> <!-- testCases.TC004_LoginAuthentication -->
