<?xml version="1.0" encoding="UTF-8"?>
<!-- Generated by org.testng.reporters.JUnitReportReporter -->
<testsuite hostname="LTIN538497" failures="0" tests="2" name="testCases.TC008_TopCity_TestPageTest" time="28.587" errors="0" timestamp="2025-07-12T22:20:03 IST" skipped="0">
  <testcase classname="testCases.TC008_TopCity_TestPageTest" name="getTopCities" time="14.652"/>
  <testcase classname="testCases.TC008_TopCity_TestPageTest" name="getTopCities" time="13.935"/>
</testsuite> <!-- testCases.TC008_TopCity_TestPageTest -->
