<?xml version="1.0" encoding="UTF-8"?>
<!-- Generated by org.testng.reporters.JUnitReportReporter -->
<testsuite hostname="LTIN453391" failures="0" tests="6" name="testCases.TC004_LoginAuthentication" time="14.885" errors="0" timestamp="2025-07-13T11:27:10 IST" skipped="0">
  <testcase classname="testCases.TC004_LoginAuthentication" name="loginTest" time="2.978"/>
  <testcase classname="testCases.TC004_LoginAuthentication" name="loginTest" time="1.131"/>
  <testcase classname="testCases.TC004_LoginAuthentication" name="loginTest" time="1.176"/>
  <testcase classname="testCases.TC004_LoginAuthentication" name="loginTest" time="2.874"/>
  <testcase classname="testCases.TC004_LoginAuthentication" name="loginTest" time="4.520"/>
  <testcase classname="testCases.TC004_LoginAuthentication" name="loginTest" time="2.206"/>
</testsuite> <!-- testCases.TC004_LoginAuthentication -->
