<?xml version="1.0" encoding="UTF-8"?>
<!-- Generated by org.testng.reporters.JUnitReportReporter -->
<testsuite hostname="LTIN453391" failures="0" tests="2" name="testCases.TC002_NearbyDoctors" time="79.643" errors="0" timestamp="2025-07-12T23:08:07 IST" skipped="0">
  <testcase classname="testCases.TC002_NearbyDoctors" name="findDoctorsTest" time="38.645"/>
  <testcase classname="testCases.TC002_NearbyDoctors" name="findDoctorsTest" time="40.998"/>
</testsuite> <!-- testCases.TC002_NearbyDoctors -->
