<?xml version="1.0" encoding="UTF-8"?>
<!-- Generated by org.testng.reporters.JUnitReportReporter -->
<testsuite hostname="LTIN453391" failures="0" tests="6" name="testCases.TC004_LoginAuthentication" time="17.618" errors="0" timestamp="2025-07-12T23:08:07 IST" skipped="0">
  <testcase classname="testCases.TC004_LoginAuthentication" name="loginTest" time="1.397"/>
  <testcase classname="testCases.TC004_LoginAuthentication" name="loginTest" time="4.104"/>
  <testcase classname="testCases.TC004_LoginAuthentication" name="loginTest" time="2.765"/>
  <testcase classname="testCases.TC004_LoginAuthentication" name="loginTest" time="3.905"/>
  <testcase classname="testCases.TC004_LoginAuthentication" name="loginTest" time="4.138"/>
  <testcase classname="testCases.TC004_LoginAuthentication" name="loginTest" time="1.309"/>
</testsuite> <!-- testCases.TC004_LoginAuthentication -->
