<?xml version="1.0" encoding="UTF-8"?>
<!-- Generated by org.testng.reporters.JUnitReportReporter -->
<testsuite hostname="LTIN538497" failures="0" tests="2" name="testCases.TC002_NearbyDoctors" time="61.978" errors="0" timestamp="2025-07-13T18:40:37 IST" skipped="0">
  <testcase classname="testCases.TC002_NearbyDoctors" name="findDoctorsTest" time="31.622"/>
  <testcase classname="testCases.TC002_NearbyDoctors" name="findDoctorsTest" time="30.356"/>
</testsuite> <!-- testCases.TC002_NearbyDoctors -->
