<?xml version="1.0" encoding="UTF-8"?>
<!-- Generated by org.testng.reporters.JUnitReportReporter -->
<testsuite hostname="LTIN538497" failures="0" tests="2" name="testCases.TC003_VideoConsultancy" time="11.887" errors="0" timestamp="2025-07-12T22:20:03 IST" skipped="0">
  <testcase classname="testCases.TC003_VideoConsultancy" name="getTopCities" time="6.161"/>
  <testcase classname="testCases.TC003_VideoConsultancy" name="getTopCities" time="5.726"/>
</testsuite> <!-- testCases.TC003_VideoConsultancy -->
