<?xml version="1.0" encoding="UTF-8"?>
<!-- Generated by org.testng.reporters.JUnitReportReporter -->
<testsuite hostname="LTIN538497" failures="0" tests="2" name="testCases.TC001_HospitalsAvailabilityTest" time="28.937" errors="0" timestamp="2025-07-13T18:40:37 IST" skipped="0">
  <testcase classname="testCases.TC001_HospitalsAvailabilityTest" name="hospitalsSearch" time="15.152"/>
  <testcase classname="testCases.TC001_HospitalsAvailabilityTest" name="hospitalsSearch" time="13.785"/>
</testsuite> <!-- testCases.TC001_HospitalsAvailabilityTest -->
