<?xml version="1.0" encoding="UTF-8"?>
<!-- Generated by org.testng.reporters.JUnitReportReporter -->
<testsuite hostname="LTIN550594" failures="0" tests="1" name="testCases.TC002_NearbyDoctors" time="44.427" errors="0" timestamp="2025-07-12T12:39:48 IST" skipped="0">
  <testcase classname="testCases.TC002_NearbyDoctors" name="findDoctorsTest" time="44.427"/>
</testsuite> <!-- testCases.TC002_NearbyDoctors -->
