<?xml version="1.0" encoding="UTF-8"?>
<!-- Generated by org.testng.reporters.JUnitReportReporter -->
<testsuite hostname="LTIN538497" failures="0" tests="6" name="testCases.TC004_LoginAuthentication" time="16.911" errors="0" timestamp="2025-07-13T18:40:37 IST" skipped="0">
  <testcase classname="testCases.TC004_LoginAuthentication" name="loginTest" time="1.447"/>
  <testcase classname="testCases.TC004_LoginAuthentication" name="loginTest" time="3.291"/>
  <testcase classname="testCases.TC004_LoginAuthentication" name="loginTest" time="2.991"/>
  <testcase classname="testCases.TC004_LoginAuthentication" name="loginTest" time="3.999"/>
  <testcase classname="testCases.TC004_LoginAuthentication" name="loginTest" time="3.572"/>
  <testcase classname="testCases.TC004_LoginAuthentication" name="loginTest" time="1.611"/>
</testsuite> <!-- testCases.TC004_LoginAuthentication -->
